<?xml version="1.0" encoding="UTF-8"?>
<!-- Generated by org.testng.reporters.JUnitReportReporter -->
<testsuite hostname="DESKTOP-8AMMTQ5" failures="0" tests="1" name="com.demo.testCases.TC_LoadHomePage" time="3.893" errors="0" timestamp="2021-11-25T17:06:14 IST" skipped="0">
  <testcase classname="com.demo.testCases.TC_LoadHomePage" name="TC_loadHomePage" time="3.893"/>
  <system-out/>
</testsuite> <!-- com.demo.testCases.TC_LoadHomePage -->
