<?xml version="1.0" encoding="UTF-8"?>
<!-- Generated by org.testng.reporters.JUnitReportReporter -->
<testsuite hostname="DESKTOP-8AMMTQ5" failures="0" tests="1" name="com.demo.testCases.TC_LoadPage" time="1.993" errors="0" timestamp="2021-11-25T09:02:25 IST" skipped="0">
  <testcase classname="com.demo.testCases.TC_LoadPage" name="TC_loadPage" time="1.993"/>
  <system-out/>
</testsuite> <!-- com.demo.testCases.TC_LoadPage -->
